o:\perforce\keenan2018spring_gam576\student\rcole8\engine\engine\release\vc141.pdb
o:\perforce\keenan2018spring_gam576\student\rcole8\engine\engine\release\graphicsobject.obj
o:\perforce\keenan2018spring_gam576\student\rcole8\engine\engine\release\gameobjectrigid.obj
o:\perforce\keenan2018spring_gam576\student\rcole8\engine\engine\release\gameobjectman.obj
o:\perforce\keenan2018spring_gam576\student\rcole8\engine\engine\release\gameobjectanim.obj
o:\perforce\keenan2018spring_gam576\student\rcole8\engine\engine\release\gameobject.obj
o:\perforce\keenan2018spring_gam576\student\rcole8\engine\engine\release\engine.obj
o:\perforce\keenan2018spring_gam576\student\rcole8\engine\engine\release\eat.obj
o:\perforce\keenan2018spring_gam576\student\rcole8\engine\engine\release\dlink.obj
o:\perforce\keenan2018spring_gam576\student\rcole8\engine\engine\release\cubemodeldebugtex.obj
o:\perforce\keenan2018spring_gam576\student\rcole8\engine\engine\release\cubemodel.obj
o:\perforce\keenan2018spring_gam576\student\rcole8\engine\engine\release\constcolor.obj
o:\perforce\keenan2018spring_gam576\student\rcole8\engine\engine\release\computeshaderobject.obj
o:\perforce\keenan2018spring_gam576\student\rcole8\engine\engine\release\cameramodel.obj
o:\perforce\keenan2018spring_gam576\student\rcole8\engine\engine\release\cameramanager.obj
o:\perforce\keenan2018spring_gam576\student\rcole8\engine\engine\release\cameralink.obj
o:\perforce\keenan2018spring_gam576\student\rcole8\engine\engine\release\camera.obj
o:\perforce\keenan2018spring_gam576\student\rcole8\engine\engine\release\boundingsphere.obj
o:\perforce\keenan2018spring_gam576\student\rcole8\engine\engine\release\basemanager.obj
o:\perforce\keenan2018spring_gam576\student\rcole8\engine\engine\release\anim2bone.obj
o:\perforce\keenan2018spring_gam576\student\rcole8\engine\engine\release\anim.obj
o:\perforce\keenan2018spring_gam576\student\rcole8\engine\engine\release\modelfromfile.obj
o:\perforce\keenan2018spring_gam576\student\rcole8\engine\engine\release\model.obj
o:\perforce\keenan2018spring_gam576\student\rcole8\engine\engine\release\game.obj
o:\perforce\keenan2018spring_gam576\student\rcole8\engine\engine\release\main.obj
o:\perforce\keenan2018spring_gam576\student\rcole8\engine\engine\release\timer_win32.obj
o:\perforce\keenan2018spring_gam576\student\rcole8\engine\engine\release\timer.obj
o:\perforce\keenan2018spring_gam576\student\rcole8\engine\engine\release\time.obj
o:\perforce\keenan2018spring_gam576\student\rcole8\engine\engine\release\keyboard.obj
o:\perforce\keenan2018spring_gam576\student\rcole8\engine\engine\release\inputmanager.obj
o:\perforce\keenan2018spring_gam576\student\rcole8\engine\engine\release\graphicsobject_wireframe.obj
o:\perforce\keenan2018spring_gam576\student\rcole8\engine\engine\release\graphicsobject_texturelight.obj
o:\perforce\keenan2018spring_gam576\student\rcole8\engine\engine\release\graphicsobject_skinshapedefolit.obj
o:\perforce\keenan2018spring_gam576\student\rcole8\engine\engine\release\graphicsobject_skinshapedefo.obj
o:\perforce\keenan2018spring_gam576\student\rcole8\engine\engine\release\graphicsobject_skinft.obj
o:\perforce\keenan2018spring_gam576\student\rcole8\engine\engine\release\graphicsobject_null.obj
o:\perforce\keenan2018spring_gam576\student\rcole8\engine\engine\release\graphicsobject_flattexture.obj
o:\perforce\keenan2018spring_gam576\student\rcole8\engine\engine\release\graphicsobject_doublesidedtexture.obj
o:\perforce\keenan2018spring_gam576\student\rcole8\engine\engine\release\graphicsobject_cycletexturelight.obj
o:\perforce\keenan2018spring_gam576\student\rcole8\engine\engine\release\graphicsobject_colorbyposition.obj
o:\perforce\keenan2018spring_gam576\student\rcole8\engine\engine\release\graphicsobjectskinlight.obj
o:\perforce\keenan2018spring_gam576\student\rcole8\engine\engine\release\toonshader.obj
o:\perforce\keenan2018spring_gam576\student\rcole8\engine\engine\release\texlink.obj
o:\perforce\keenan2018spring_gam576\student\rcole8\engine\engine\release\skinnedmodelfromfile.obj
o:\perforce\keenan2018spring_gam576\student\rcole8\engine\engine\release\shadermanager.obj
o:\perforce\keenan2018spring_gam576\student\rcole8\engine\engine\release\shaderobject.obj
o:\perforce\keenan2018spring_gam576\student\rcole8\engine\engine\release\shaderlink.obj
o:\perforce\keenan2018spring_gam576\student\rcole8\engine\engine\release\scratchspace.obj
o:\perforce\keenan2018spring_gam576\student\rcole8\engine\engine\release\pyramidmodel.obj
o:\perforce\keenan2018spring_gam576\student\rcole8\engine\engine\release\nullmodel.obj
o:\perforce\keenan2018spring_gam576\student\rcole8\engine\engine\release\mouse.obj
o:\perforce\keenan2018spring_gam576\student\rcole8\engine\engine\release\modelman.obj
o:\perforce\keenan2018spring_gam576\student\rcole8\engine\engine\release\modellink.obj
o:\perforce\keenan2018spring_gam576\student\rcole8\engine\engine\release\engine.tlog\cl.command.1.tlog
o:\perforce\keenan2018spring_gam576\student\rcole8\engine\engine\release\engine.tlog\cl.read.1.tlog
o:\perforce\keenan2018spring_gam576\student\rcole8\engine\engine\release\engine.tlog\cl.write.1.tlog
