c:\sandbox\personal\ravenengine\engine\debug\vc143.pdb
c:\sandbox\personal\ravenengine\engine\debug\time.obj
c:\sandbox\personal\ravenengine\engine\debug\dlink.obj
c:\sandbox\personal\ravenengine\engine\debug\graphicsobjectskinlight.obj
c:\sandbox\personal\ravenengine\engine\debug\graphicsobject_texturelight.obj
c:\sandbox\personal\ravenengine\engine\debug\texlink.obj
c:\sandbox\personal\ravenengine\engine\debug\animcontroller.obj
c:\sandbox\personal\ravenengine\engine\debug\gameobjectanim.obj
c:\sandbox\personal\ravenengine\engine\debug\timer.obj
c:\sandbox\personal\ravenengine\engine\debug\main.obj
c:\sandbox\personal\ravenengine\engine\debug\toonshader.obj
c:\sandbox\personal\ravenengine\engine\debug\constcolor.obj
c:\sandbox\personal\ravenengine\engine\debug\gameobjectrigid.obj
c:\sandbox\personal\ravenengine\engine\debug\model.obj
c:\sandbox\personal\ravenengine\engine\debug\cubemodel.obj
c:\sandbox\personal\ravenengine\engine\debug\gameobject.obj
c:\sandbox\personal\ravenengine\engine\debug\graphicsobject_skinshapedefolit.obj
c:\sandbox\personal\ravenengine\engine\debug\shaderobject.obj
c:\sandbox\personal\ravenengine\engine\debug\cubemodeldebugtex.obj
c:\sandbox\personal\ravenengine\engine\debug\gameobjectman.obj
c:\sandbox\personal\ravenengine\engine\debug\keyboard.obj
c:\sandbox\personal\ravenengine\engine\debug\textureman.obj
c:\sandbox\personal\ravenengine\engine\debug\anim.obj
c:\sandbox\personal\ravenengine\engine\debug\graphicsobject.obj
c:\sandbox\personal\ravenengine\engine\debug\graphicsobject_wireframe.obj
c:\sandbox\personal\ravenengine\engine\debug\skinnedmodelfromfile.obj
c:\sandbox\personal\ravenengine\engine\debug\computeshaderobject.obj
c:\sandbox\personal\ravenengine\engine\debug\graphicsobject_colorbyposition.obj
c:\sandbox\personal\ravenengine\engine\debug\modelfromfile.obj
c:\sandbox\personal\ravenengine\engine\debug\basemanager.obj
c:\sandbox\personal\ravenengine\engine\debug\timer_win32.obj
c:\sandbox\personal\ravenengine\engine\debug\camera.obj
c:\sandbox\personal\ravenengine\engine\debug\graphicsobject_skinft.obj
c:\sandbox\personal\ravenengine\engine\debug\pyramidmodel.obj
c:\sandbox\personal\ravenengine\engine\debug\cameralink.obj
c:\sandbox\personal\ravenengine\engine\debug\graphicsobject_null.obj
c:\sandbox\personal\ravenengine\engine\debug\modellink.obj
c:\sandbox\personal\ravenengine\engine\debug\cameramodel.obj
c:\sandbox\personal\ravenengine\engine\debug\graphicsobject_skinshapedefo.obj
c:\sandbox\personal\ravenengine\engine\debug\scratchspace.obj
c:\sandbox\personal\ravenengine\engine\debug\shaderlink.obj
c:\sandbox\personal\ravenengine\engine\debug\engine.obj
c:\sandbox\personal\ravenengine\engine\debug\graphicsobject_doublesidedtexture.obj
c:\sandbox\personal\ravenengine\engine\debug\nullmodel.obj
c:\sandbox\personal\ravenengine\engine\debug\cameramanager.obj
c:\sandbox\personal\ravenengine\engine\debug\game.obj
c:\sandbox\personal\ravenengine\engine\debug\boundingsphere.obj
c:\sandbox\personal\ravenengine\engine\debug\graphicsobject_flattexture.obj
c:\sandbox\personal\ravenengine\engine\debug\mouse.obj
c:\sandbox\personal\ravenengine\engine\debug\eat.obj
c:\sandbox\personal\ravenengine\engine\debug\inputmanager.obj
c:\sandbox\personal\ravenengine\engine\debug\shadermanager.obj
c:\sandbox\personal\ravenengine\engine\debug\anim2bone.obj
c:\sandbox\personal\ravenengine\engine\debug\graphicsobject_cycletexturelight.obj
c:\sandbox\personal\ravenengine\engine\debug\modelman.obj
c:\sandbox\personal\ravenengine\debug\engine.exe
c:\sandbox\personal\ravenengine\engine\debug\engine.ilk
c:\sandbox\personal\ravenengine\debug\engine.pdb
c:\sandbox\personal\ravenengine\engine\debug\engine.tlog\cl.command.1.tlog
c:\sandbox\personal\ravenengine\engine\debug\engine.tlog\cl.items.tlog
c:\sandbox\personal\ravenengine\engine\debug\engine.tlog\cl.read.1.tlog
c:\sandbox\personal\ravenengine\engine\debug\engine.tlog\cl.write.1.tlog
c:\sandbox\personal\ravenengine\engine\debug\engine.tlog\link.command.1.tlog
c:\sandbox\personal\ravenengine\engine\debug\engine.tlog\link.read.1.tlog
c:\sandbox\personal\ravenengine\engine\debug\engine.tlog\link.write.1.tlog
