c:\sandbox\personal\ravenengine\audioengine\debug\snd.obj
c:\sandbox\personal\ravenengine\audioengine\debug\audiobuffermanager.obj
c:\sandbox\personal\ravenengine\audioengine\debug\loadmanager.obj
c:\sandbox\personal\ravenengine\audioengine\debug\circulardata.obj
c:\sandbox\personal\ravenengine\audioengine\debug\sndmanager.obj
c:\sandbox\personal\ravenengine\audioengine\debug\sourcevoicemanager.obj
c:\sandbox\personal\ravenengine\audioengine\debug\actor.obj
c:\sandbox\personal\ravenengine\audioengine\debug\prioritymanager.obj
c:\sandbox\personal\ravenengine\audioengine\debug\audioengine.obj
c:\sandbox\personal\ravenengine\audioengine\debug\timer_win32.obj
c:\sandbox\personal\ravenengine\audioengine\debug\handleman.obj
c:\sandbox\personal\ravenengine\audioengine\debug\audiomain.obj
c:\sandbox\personal\ravenengine\audioengine\debug\xaudio2chunk.obj
c:\sandbox\personal\ravenengine\audioengine\debug\timereventmanager.obj
c:\sandbox\personal\ravenengine\audioengine\debug\handle.obj
c:\sandbox\personal\ravenengine\debug\audioengine.pdb
c:\sandbox\personal\ravenengine\debug\audioengine.lib
c:\sandbox\personal\ravenengine\audioengine\debug\vc143.idb
c:\sandbox\personal\ravenengine\audioengine\debug\vc143.pdb
c:\sandbox\personal\ravenengine\audioengine\debug\audioengine.tlog\cl.command.1.tlog
c:\sandbox\personal\ravenengine\audioengine\debug\audioengine.tlog\cl.items.tlog
c:\sandbox\personal\ravenengine\audioengine\debug\audioengine.tlog\cl.read.1.tlog
c:\sandbox\personal\ravenengine\audioengine\debug\audioengine.tlog\cl.write.1.tlog
c:\sandbox\personal\ravenengine\audioengine\debug\audioengine.tlog\lib-link.read.1.tlog
c:\sandbox\personal\ravenengine\audioengine\debug\audioengine.tlog\lib-link.write.1.tlog
c:\sandbox\personal\ravenengine\audioengine\debug\audioengine.tlog\lib.command.1.tlog
c:\sandbox\personal\ravenengine\audioengine\debug\audioengine.tlog\link.command.1.tlog
c:\sandbox\personal\ravenengine\audioengine\debug\audioengine.tlog\link.read.1.tlog
c:\sandbox\personal\ravenengine\audioengine\debug\audioengine.tlog\link.write.1.tlog
